<?xml version="1.0" encoding="UTF-8"?>
<testsuite xmlns:xsi="http://www.w3.org/2001/XMLSchema-instance" xsi:noNamespaceSchemaLocation="https://maven.apache.org/surefire/maven-surefire-plugin/xsd/surefire-test-report-3.0.xsd" version="3.0" name="com.example.springawswebapp.controller.ReverseControllerTest" time="1.64" tests="6" errors="0" skipped="0" failures="0">
  <properties>
[...]
</properties>
  <testcase name="testReverseString_withSpecialCharacters" classname="com.example.springawswebapp.controller.ReverseControllerTest" time="1.539">
    <system-err><![CDATA[WARNING: A Java agent has been loaded dynamically (C:\Users\zed\.m2\repository\net\bytebuddy\byte-buddy-agent\1.14.10\byte-buddy-agent-1.14.10.jar)
WARNING: If a serviceability tool is in use, please run with -XX:+EnableDynamicAgentLoading to hide this warning
WARNING: If a serviceability tool is not in use, please run with -Djdk.instrument.traceUsage for more information
WARNING: Dynamic loading of agents will be disallowed by default in a future release
]]></system-err>
  </testcase>
  <testcase name="testReverseString_palindrome" classname="com.example.springawswebapp.controller.ReverseControllerTest" time="0.012"/>
  <testcase name="testReverseString_withSpaces" classname="com.example.springawswebapp.controller.ReverseControllerTest" time="0.013"/>
  <testcase name="testReverseString_emptyString" classname="com.example.springawswebapp.controller.ReverseControllerTest" time="0.002"/>
  <testcase name="testReverseString_normalCase" classname="com.example.springawswebapp.controller.ReverseControllerTest" time="0.004"/>
  <testcase name="testReverseString_singleCharacter" classname="com.example.springawswebapp.controller.ReverseControllerTest" time="0.004"/>
</testsuite>